{
  "RSpec": {
    "coverage": {
      "/home/ubuntu/dev/saas-edx/hw3_rottenpotatoes/app/controllers/application_controller.rb": [
        1,
        1,
        null
      ],
      "/home/ubuntu/dev/saas-edx/hw3_rottenpotatoes/app/helpers/application_helper.rb": [
        1,
        null
      ],
      "/home/ubuntu/dev/saas-edx/hw3_rottenpotatoes/app/helpers/movies_helper.rb": [
        1,
        null,
        1,
        0,
        null,
        null
      ],
      "/home/ubuntu/dev/saas-edx/hw3_rottenpotatoes/app/controllers/movies_controller.rb": [
        1,
        null,
        1,
        0,
        0,
        null,
        null,
        null,
        1,
        0,
        0,
        null,
        0,
        null,
        0,
        null,
        0,
        0,
        null,
        0,
        0,
        null,
        null,
        0,
        0,
        0,
        0,
        null,
        0,
        null,
        null,
        1,
        null,
        null,
        null,
        1,
        0,
        0,
        0,
        null,
        null,
        1,
        0,
        null,
        null,
        1,
        0,
        0,
        0,
        0,
        null,
        null,
        1,
        0,
        0,
        0,
        0,
        null,
        null,
        1,
        null,
        5,
        5,
        null,
        5,
        null,
        1,
        1,
        null,
        null,
        4,
        null,
        null,
        null,
        null,
        null
      ],
      "/home/ubuntu/dev/saas-edx/hw3_rottenpotatoes/app/models/movie.rb": [
        1,
        1,
        0,
        null,
        null
      ]
    },
    "timestamp": 1376461348
  },
  "Cucumber Features": {
    "coverage": {
      "/home/ubuntu/dev/saas-edx/hw3_rottenpotatoes/app/controllers/application_controller.rb": [
        1,
        1,
        null
      ],
      "/home/ubuntu/dev/saas-edx/hw3_rottenpotatoes/app/helpers/application_helper.rb": [
        1,
        null
      ],
      "/home/ubuntu/dev/saas-edx/hw3_rottenpotatoes/app/helpers/movies_helper.rb": [
        1,
        null,
        1,
        0,
        null,
        null
      ],
      "/home/ubuntu/dev/saas-edx/hw3_rottenpotatoes/app/controllers/movies_controller.rb": [
        1,
        null,
        1,
        4,
        4,
        null,
        null,
        null,
        1,
        20,
        20,
        null,
        2,
        null,
        2,
        null,
        20,
        20,
        null,
        20,
        60,
        null,
        null,
        20,
        5,
        5,
        5,
        null,
        15,
        null,
        null,
        1,
        null,
        null,
        null,
        1,
        1,
        1,
        1,
        null,
        null,
        1,
        1,
        null,
        null,
        1,
        1,
        1,
        1,
        1,
        null,
        null,
        1,
        1,
        1,
        1,
        1,
        null,
        null,
        1,
        null,
        2,
        2,
        null,
        2,
        null,
        1,
        1,
        null,
        null,
        1,
        null,
        null,
        null,
        null,
        null
      ],
      "/home/ubuntu/dev/saas-edx/hw3_rottenpotatoes/app/models/movie.rb": [
        1,
        1,
        20,
        null,
        null
      ]
    },
    "timestamp": 1376463052
  }
}
